2025-08-21 13:47:50,860 - INFO - Starting job tracker run at 2025-08-21 13:47:50.860209
2025-08-21 13:47:50,917 - INFO - [1/46] Fetching from Lufthansa Group (html)...
2025-08-21 13:47:52,056 - WARNING -   Connection error on attempt 1: HTTPSConnectionPool(host='careers.lufthansagroup.com', port=443): Max retries exceeded with url: /go/Pilot-Jobs/2519010/ (Caused by NameResolutionError("<urllib3.connection.HTTPSConnection object at 0x0000016C17DA04C0>: Failed to resolve 'careers.lufthansagroup.com' ([Errno 11001] getaddrinfo failed)"))
2025-08-21 13:47:52,056 - INFO -   Retrying in 2.6s (attempt 2/3)
2025-08-21 13:47:54,632 - WARNING -   Connection error on attempt 2: HTTPSConnectionPool(host='careers.lufthansagroup.com', port=443): Max retries exceeded with url: /go/Pilot-Jobs/2519010/ (Caused by NameResolutionError("<urllib3.connection.HTTPSConnection object at 0x0000016C17DA1780>: Failed to resolve 'careers.lufthansagroup.com' ([Errno 11001] getaddrinfo failed)"))
2025-08-21 13:47:54,632 - INFO -   Retrying in 4.8s (attempt 3/3)
2025-08-21 13:47:59,489 - WARNING -   Connection error on attempt 3: HTTPSConnectionPool(host='careers.lufthansagroup.com', port=443): Max retries exceeded with url: /go/Pilot-Jobs/2519010/ (Caused by NameResolutionError("<urllib3.connection.HTTPSConnection object at 0x0000016C17DA1660>: Failed to resolve 'careers.lufthansagroup.com' ([Errno 11001] getaddrinfo failed)"))
2025-08-21 13:48:00,533 - INFO - [2/46] Fetching from British Airways (html)...
2025-08-21 13:48:06,038 - INFO - [3/46] Fetching from Air France (html)...
2025-08-21 13:48:07,572 - WARNING -   Access denied (403), trying different approach...
2025-08-21 13:48:07,729 - INFO -   Retrying in 2.7s (attempt 2/3)
2025-08-21 13:48:10,595 - WARNING -   Access denied (403), trying different approach...
2025-08-21 13:48:10,737 - INFO -   Retrying in 5.8s (attempt 3/3)
2025-08-21 13:48:16,663 - WARNING -   Access denied (403), trying different approach...
2025-08-21 13:48:17,799 - INFO - [4/46] Fetching from KLM Royal Dutch Airlines (html)...
2025-08-21 13:48:21,756 - INFO - [5/46] Fetching from Ryanair (html)...
2025-08-21 13:48:24,769 - INFO - [6/46] Fetching from easyJet (html)...
2025-08-21 13:48:29,435 - INFO - [7/46] Fetching from Wizz Air (html)...
2025-08-21 13:48:34,500 - INFO - [8/46] Fetching from Swiss International Air Lines (html)...
2025-08-21 13:48:35,872 - WARNING -   Access denied (403), trying different approach...
2025-08-21 13:48:36,023 - INFO -   Retrying in 3.4s (attempt 2/3)
2025-08-21 13:48:40,801 - INFO - [9/46] Fetching from Austrian Airlines (html)...
2025-08-21 13:48:43,682 - WARNING -   Access denied (403), trying different approach...
2025-08-21 13:48:43,841 - INFO -   Retrying in 3.5s (attempt 2/3)
2025-08-21 13:48:47,539 - WARNING -   Access denied (403), trying different approach...
2025-08-21 13:48:47,684 - INFO -   Retrying in 5.3s (attempt 3/3)
2025-08-21 13:48:54,882 - INFO - [10/46] Fetching from SAS Scandinavian Airlines (html)...
2025-08-21 13:48:58,083 - INFO - [11/46] Fetching from Finnair (html)...
2025-08-21 13:49:02,232 - INFO - [12/46] Fetching from TAP Air Portugal (html)...
2025-08-21 13:49:07,443 - INFO - [13/46] Fetching from Norwegian Air (html)...
2025-08-21 13:49:10,052 - WARNING -   Access denied (403), trying different approach...
2025-08-21 13:49:10,205 - INFO -   Retrying in 2.9s (attempt 2/3)
2025-08-21 13:49:13,288 - WARNING -   Access denied (403), trying different approach...
2025-08-21 13:49:13,428 - INFO -   Retrying in 5.1s (attempt 3/3)
2025-08-21 13:49:18,727 - WARNING -   Access denied (403), trying different approach...
2025-08-21 13:49:19,895 - INFO - [14/46] Fetching from Turkish Airlines (html)...
2025-08-21 13:49:24,401 - INFO - [15/46] Fetching from Pegasus Airlines (html)...
2025-08-21 13:49:27,848 - INFO - [16/46] Fetching from ITA Airways (html)...
2025-08-21 13:49:32,212 - INFO - [17/46] Fetching from Iberia (html)...
2025-08-21 13:49:33,708 - WARNING -   Connection error on attempt 1: HTTPSConnectionPool(host='group.iberia.es', port=443): Max retries exceeded with url: /en/careers/job-vacancies/ (Caused by NameResolutionError("<urllib3.connection.HTTPSConnection object at 0x0000016C1A5281C0>: Failed to resolve 'group.iberia.es' ([Errno 11001] getaddrinfo failed)"))
2025-08-21 13:49:33,708 - INFO -   Retrying in 3.5s (attempt 2/3)
2025-08-21 13:49:37,245 - WARNING -   Connection error on attempt 2: HTTPSConnectionPool(host='group.iberia.es', port=443): Max retries exceeded with url: /en/careers/job-vacancies/ (Caused by NameResolutionError("<urllib3.connection.HTTPSConnection object at 0x0000016C1A528CA0>: Failed to resolve 'group.iberia.es' ([Errno 11001] getaddrinfo failed)"))
2025-08-21 13:49:37,245 - INFO -   Retrying in 4.9s (attempt 3/3)
2025-08-21 13:49:42,147 - WARNING -   Connection error on attempt 3: HTTPSConnectionPool(host='group.iberia.es', port=443): Max retries exceeded with url: /en/careers/job-vacancies/ (Caused by NameResolutionError("<urllib3.connection.HTTPSConnection object at 0x0000016C1A42F3D0>: Failed to resolve 'group.iberia.es' ([Errno 11001] getaddrinfo failed)"))
2025-08-21 13:49:43,163 - INFO - [18/46] Fetching from Vueling (html)...
2025-08-21 13:49:47,065 - INFO - [19/46] Fetching from Air Europa (html)...
2025-08-21 13:49:49,691 - INFO - [20/46] Fetching from Binter Canarias (html)...
2025-08-21 13:49:52,028 - WARNING -   Access denied (403), trying different approach...
2025-08-21 13:49:52,458 - INFO -   Retrying in 3.0s (attempt 2/3)
2025-08-21 13:49:55,847 - WARNING -   Access denied (403), trying different approach...
2025-08-21 13:49:56,331 - INFO -   Retrying in 5.5s (attempt 3/3)
2025-08-21 13:50:02,330 - WARNING -   Access denied (403), trying different approach...
2025-08-21 13:50:03,848 - INFO - [21/46] Fetching from Delta Air Lines (html)...
2025-08-21 13:50:06,004 - WARNING -   Connection error on attempt 1: HTTPSConnectionPool(host='careers.delta.com', port=443): Max retries exceeded with url: /search/?q=pilot&searchtype=1 (Caused by NameResolutionError("<urllib3.connection.HTTPSConnection object at 0x0000016C1A528C40>: Failed to resolve 'careers.delta.com' ([Errno 11001] getaddrinfo failed)"))
2025-08-21 13:50:06,005 - INFO -   Retrying in 3.8s (attempt 2/3)
2025-08-21 13:50:09,835 - WARNING -   Connection error on attempt 2: HTTPSConnectionPool(host='careers.delta.com', port=443): Max retries exceeded with url: /search/?q=pilot&searchtype=1 (Caused by NameResolutionError("<urllib3.connection.HTTPSConnection object at 0x0000016C1A630520>: Failed to resolve 'careers.delta.com' ([Errno 11001] getaddrinfo failed)"))
2025-08-21 13:50:09,835 - INFO -   Retrying in 5.6s (attempt 3/3)
2025-08-21 13:50:15,424 - WARNING -   Connection error on attempt 3: HTTPSConnectionPool(host='careers.delta.com', port=443): Max retries exceeded with url: /search/?q=pilot&searchtype=1 (Caused by NameResolutionError("<urllib3.connection.HTTPSConnection object at 0x0000016C1A631030>: Failed to resolve 'careers.delta.com' ([Errno 11001] getaddrinfo failed)"))
2025-08-21 13:50:16,432 - INFO - [22/46] Fetching from American Airlines (html)...
2025-08-21 13:50:20,384 - INFO - [23/46] Fetching from United Airlines (html)...
2025-08-21 13:50:24,335 - INFO - [24/46] Fetching from Southwest Airlines (html)...
2025-08-21 13:50:28,914 - INFO - [25/46] Fetching from JetBlue Airways (html)...
2025-08-21 13:50:33,583 - INFO - [26/46] Fetching from Alaska Airlines (html)...
2025-08-21 13:50:37,212 - INFO - [27/46] Fetching from Emirates (html)...
2025-08-21 13:50:41,033 - INFO - [28/46] Fetching from Qatar Airways (html)...
2025-08-21 13:50:45,112 - INFO - [29/46] Fetching from Etihad Airways (html)...
2025-08-21 13:50:50,596 - INFO - [30/46] Fetching from Singapore Airlines (html)...
2025-08-21 13:50:54,370 - INFO - [31/46] Fetching from Cathay Pacific (html)...
2025-08-21 13:50:58,094 - INFO - [32/46] Fetching from ANA (All Nippon Airways) (html)...
2025-08-21 13:51:01,324 - INFO - [33/46] Fetching from Japan Airlines (JAL) (html)...
2025-08-21 13:51:05,507 - INFO - [34/46] Fetching from Qantas (html)...
2025-08-21 13:51:10,144 - INFO - [35/46] Fetching from Virgin Australia (html)...
2025-08-21 13:51:14,429 - INFO - [36/46] Fetching from Air Canada (html)...
2025-08-21 13:51:18,347 - INFO - [37/46] Fetching from WestJet (html)...
2025-08-21 13:51:21,220 - WARNING -   Connection error on attempt 1: HTTPSConnectionPool(host='careers.westjet.com', port=443): Max retries exceeded with url: /search/?q=pilot (Caused by NameResolutionError("<urllib3.connection.HTTPSConnection object at 0x0000016C1A810A60>: Failed to resolve 'careers.westjet.com' ([Errno 11001] getaddrinfo failed)"))
2025-08-21 13:51:21,221 - INFO -   Retrying in 3.0s (attempt 2/3)
2025-08-21 13:51:24,219 - WARNING -   Connection error on attempt 2: HTTPSConnectionPool(host='careers.westjet.com', port=443): Max retries exceeded with url: /search/?q=pilot (Caused by NameResolutionError("<urllib3.connection.HTTPSConnection object at 0x0000016C1A9220E0>: Failed to resolve 'careers.westjet.com' ([Errno 11001] getaddrinfo failed)"))
2025-08-21 13:51:24,219 - INFO -   Retrying in 5.6s (attempt 3/3)
2025-08-21 13:51:29,823 - WARNING -   Connection error on attempt 3: HTTPSConnectionPool(host='careers.westjet.com', port=443): Max retries exceeded with url: /search/?q=pilot (Caused by NameResolutionError("<urllib3.connection.HTTPSConnection object at 0x0000016C1A9229B0>: Failed to resolve 'careers.westjet.com' ([Errno 11001] getaddrinfo failed)"))
2025-08-21 13:51:30,836 - INFO - [38/46] Fetching from FedEx Express (html)...
2025-08-21 13:51:35,027 - INFO - [39/46] Fetching from UPS Airlines (html)...
2025-08-21 13:51:39,253 - INFO - [40/46] Fetching from Uber (Aviation Division) (greenhouse)...
2025-08-21 13:51:40,535 - INFO - [41/46] Fetching from Airbnb (Travel/Aviation) (greenhouse)...
2025-08-21 13:51:41,775 - INFO - [42/46] Fetching from DoorDash (Aviation/Logistics) (greenhouse)...
2025-08-21 13:51:43,056 - INFO - [43/46] Fetching from Indeed - Europe Pilots (indeed)...
2025-08-21 13:51:43,056 - INFO - Fetching Indeed jobs: airline pilot in Europe
2025-08-21 13:51:51,813 - WARNING - Indeed returned status 403, trying next URL
2025-08-21 13:51:57,478 - WARNING - Indeed returned status 403, trying next URL
2025-08-21 13:52:01,587 - WARNING - Indeed returned status 403, trying next URL
2025-08-21 13:52:06,241 - WARNING - All Indeed URL attempts failed, using fallback
2025-08-21 13:52:07,243 - INFO - [44/46] Fetching from Indeed - US Pilots (indeed)...
2025-08-21 13:52:07,244 - INFO - Fetching Indeed jobs: commercial pilot airline in United States
2025-08-21 13:52:17,085 - WARNING - Indeed returned status 403, trying next URL
2025-08-21 13:52:22,178 - WARNING - Indeed returned status 403, trying next URL
2025-08-21 13:52:27,847 - WARNING - Indeed returned status 403, trying next URL
2025-08-21 13:52:32,108 - WARNING - All Indeed URL attempts failed, using fallback
2025-08-21 13:52:33,116 - INFO - [45/46] Fetching from Indeed - Global Pilots (indeed)...
2025-08-21 13:52:33,116 - INFO - Fetching Indeed jobs: pilot captain first officer in anywhere
2025-08-21 13:52:43,045 - WARNING - Indeed returned status 403, trying next URL
2025-08-21 13:52:47,986 - WARNING - Indeed returned status 403, trying next URL
2025-08-21 13:52:52,051 - WARNING - Indeed returned status 403, trying next URL
2025-08-21 13:52:55,739 - WARNING - All Indeed URL attempts failed, using fallback
2025-08-21 13:52:56,750 - INFO - [46/46] Fetching from Aviation Job Boards (aviation_jobs)...
2025-08-21 13:52:56,753 - INFO - Fetching jobs from JSFirm.com
2025-08-21 13:53:33,539 - INFO - Successfully extracted 0 jobs from JSFirm
2025-08-21 13:53:33,548 - INFO - Fetching jobs from AvCrew.com
2025-08-21 13:53:36,986 - INFO - Successfully extracted 0 jobs from AvCrew
2025-08-21 13:53:37,999 - INFO - 
=== EXECUTION SUMMARY ===
2025-08-21 13:53:38,000 - INFO - Execution time: 347.14 seconds
2025-08-21 13:53:38,000 - INFO - Sources processed: 24/46 (22 failed)
2025-08-21 13:53:38,000 - INFO - Success rate: 52.2%
2025-08-21 13:53:38,000 - INFO - Total pilot jobs found: 1
2025-08-21 13:53:38,001 - INFO - 
=== ERROR BREAKDOWN ===
2025-08-21 13:53:38,001 - INFO - Exception: 20 occurrences
2025-08-21 13:53:38,001 - INFO - HTTPError: 2 occurrences
2025-08-21 13:53:38,001 - INFO - 
=== REGIONAL BREAKDOWN ===
2025-08-21 13:53:38,002 - INFO - Asia: 1/4 sources (25.0%), 0 jobs
2025-08-21 13:53:38,002 - INFO - Europe: 10/21 sources (47.6%), 0 jobs
2025-08-21 13:53:38,002 - INFO - Global: 5/7 sources (71.4%), 1 jobs
2025-08-21 13:53:38,002 - INFO - Middle East: 2/3 sources (66.7%), 0 jobs
2025-08-21 13:53:38,002 - INFO - North America: 4/9 sources (44.4%), 0 jobs
2025-08-21 13:53:38,002 - INFO - Oceania: 2/2 sources (100.0%), 0 jobs
2025-08-21 13:53:38,022 - INFO - Database changes: 1 new jobs, 0 closed jobs
2025-08-21 13:53:38,022 - INFO - Notifications sent via Telegram: 1 new, 0 closed
2025-08-21 13:53:38,023 - INFO - Job tracker run completed at 2025-08-21 13:53:37.997460
2025-08-21 14:55:31,826 - INFO - 🚀 Starting ENHANCED job tracker run at 2025-08-21 14:55:31.826089
2025-08-21 14:55:31,844 - INFO - 🎯 Testing 3 previously problematic sites first...
2025-08-21 14:55:31,844 - INFO - 🔍 Testing: Air Europa (https://jobs.aireuropa.bizneo.cloud/jobs)
2025-08-21 14:55:32,459 - INFO - Extracting from dynamic site: https://jobs.aireuropa.bizneo.cloud/jobs
2025-08-21 14:55:39,189 - INFO - Detected site type: bizneo
2025-08-21 14:55:39,190 - INFO - Using Bizneo extraction strategy
2025-08-21 14:56:39,216 - INFO - Found 10 potential job elements as fallback
2025-08-21 14:56:39,982 - INFO -   ✅ SUCCESS: Found 10 jobs from Air Europa
2025-08-21 14:56:39,982 - INFO -     📋 Ingeniero/a de Producción / Mantenimiento - ENGINEERS AND TECHNICIANS
2025-08-21 14:56:39,982 - INFO -     📋 Administrativo/a Gestión de Flota - BUSINESS MANAGEMENT
2025-08-21 14:56:39,982 - INFO -     📋 Técnico de Operaciones Aéreas (Flight dispatcher) - OTHERS
2025-08-21 14:56:39,982 - INFO - 🔍 Testing: Binter Canarias (https://trabajaconnosotros.bintercanarias.com/jobs)
2025-08-21 14:56:40,654 - INFO - Extracting from dynamic site: https://trabajaconnosotros.bintercanarias.com/jobs
2025-08-21 14:56:47,665 - INFO - Detected site type: bizneo
2025-08-21 14:56:47,665 - INFO - Using Bizneo extraction strategy
2025-08-21 14:57:36,604 - INFO - 🚀 Starting ENHANCED job tracker run at 2025-08-21 14:57:36.604500
2025-08-21 14:57:36,611 - INFO - 🎯 Testing 3 previously problematic sites first...
2025-08-21 14:57:36,611 - INFO - 🔍 Testing: Air Europa (https://jobs.aireuropa.bizneo.cloud/jobs)
2025-08-21 14:57:37,256 - INFO - Extracting from dynamic site: https://jobs.aireuropa.bizneo.cloud/jobs
2025-08-21 14:57:43,204 - INFO - Detected site type: bizneo
2025-08-21 14:57:43,204 - INFO - Using Bizneo extraction strategy
2025-08-21 14:57:47,694 - INFO - Found 27 potential job elements as fallback
2025-08-21 14:57:49,851 - INFO -   ✅ SUCCESS: Found 27 jobs from Binter Canarias
2025-08-21 14:57:49,851 - INFO -     📋 Responsable de Formación y Exámenes - Responsable de Formación y Exámenes
2025-08-21 14:57:49,851 - INFO -     📋 Auxiliar de Mantenimiento - Estructuras - Auxiliar de Mantenimiento - Estructuras
2025-08-21 14:57:49,851 - INFO -     📋 Ingeniero/a Aeronáutico/a - Ingeniero/a Aeronáutico/a
2025-08-21 14:57:49,851 - INFO - 🔍 Testing: Wizz Air (https://careers.wizzair.com/go/Pilot-Jobs/5258601/)
2025-08-21 14:57:50,549 - INFO - Extracting from dynamic site: https://careers.wizzair.com/go/Pilot-Jobs/5258601/
2025-08-21 14:57:59,217 - INFO - Detected site type: successfactors
2025-08-21 14:57:59,217 - INFO - Using SuccessFactors extraction strategy
2025-08-21 14:58:14,219 - WARNING - SuccessFactors jobs not found with standard selectors
2025-08-21 14:58:14,219 - INFO - Using generic dynamic extraction strategy
2025-08-21 14:58:14,298 - INFO - Using pattern fallback: 8 elements
2025-08-21 14:58:15,480 - INFO -   ✅ SUCCESS: Found 8 jobs from Wizz Air
2025-08-21 14:58:15,480 - INFO -     📋 APPLY NOW - APPLY NOW
2025-08-21 14:58:15,480 - INFO -     📋 APPLY NOW - APPLY NOW
2025-08-21 14:58:15,480 - INFO -     📋 APPLY NOW - APPLY NOW
2025-08-21 14:58:15,480 - INFO - [1/6] Fetching from Air Europa (dynamic)...
2025-08-21 14:58:16,155 - INFO - Extracting from dynamic site: https://jobs.aireuropa.bizneo.cloud/jobs
2025-08-21 14:58:22,856 - INFO - Detected site type: bizneo
2025-08-21 14:58:22,856 - INFO - Using Bizneo extraction strategy
2025-08-21 14:58:43,225 - INFO - Found 10 potential job elements as fallback
2025-08-21 14:58:44,155 - INFO -   ✅ SUCCESS: Found 10 jobs from Air Europa
2025-08-21 14:58:44,155 - INFO -     📋 Ingeniero/a de Producción / Mantenimiento - ENGINEERS AND TECHNICIANS
2025-08-21 14:58:44,156 - INFO -     📋 Administrativo/a Gestión de Flota - BUSINESS MANAGEMENT
2025-08-21 14:58:44,156 - INFO -     📋 Técnico de Operaciones Aéreas (Flight dispatcher) - OTHERS
2025-08-21 14:58:44,156 - INFO - 🔍 Testing: Binter Canarias (https://trabajaconnosotros.bintercanarias.com/jobs)
2025-08-21 14:58:44,806 - INFO - Extracting from dynamic site: https://trabajaconnosotros.bintercanarias.com/jobs
2025-08-21 14:58:51,517 - INFO - Detected site type: bizneo
2025-08-21 14:58:51,517 - INFO - Using Bizneo extraction strategy
2025-08-21 14:59:51,546 - INFO - Found 27 potential job elements as fallback
2025-08-21 14:59:53,581 - INFO -   ✅ SUCCESS: Found 27 jobs from Binter Canarias
2025-08-21 14:59:53,582 - INFO -     📋 Responsable de Formación y Exámenes - Responsable de Formación y Exámenes
2025-08-21 14:59:53,582 - INFO -     📋 Auxiliar de Mantenimiento - Estructuras - Auxiliar de Mantenimiento - Estructuras
2025-08-21 14:59:53,582 - INFO -     📋 Ingeniero/a Aeronáutico/a - Ingeniero/a Aeronáutico/a
2025-08-21 14:59:53,582 - INFO - 🔍 Testing: Wizz Air (https://careers.wizzair.com/go/Pilot-Jobs/5258601/)
2025-08-21 14:59:54,239 - INFO - Extracting from dynamic site: https://careers.wizzair.com/go/Pilot-Jobs/5258601/
2025-08-21 15:00:00,453 - INFO - Detected site type: successfactors
2025-08-21 15:00:00,453 - INFO - Using SuccessFactors extraction strategy
2025-08-21 15:00:15,455 - WARNING - SuccessFactors jobs not found with standard selectors
2025-08-21 15:00:15,455 - INFO - Using generic dynamic extraction strategy
2025-08-21 15:00:15,545 - INFO - Using pattern fallback: 8 elements
2025-08-21 15:00:16,677 - INFO -   ✅ SUCCESS: Found 8 jobs from Wizz Air
2025-08-21 15:00:16,677 - INFO -     📋 APPLY NOW - APPLY NOW
2025-08-21 15:00:16,677 - INFO -     📋 APPLY NOW - APPLY NOW
2025-08-21 15:00:16,677 - INFO -     📋 APPLY NOW - APPLY NOW
2025-08-21 15:00:16,677 - INFO - [1/6] Fetching from Air Europa (dynamic)...
2025-08-21 15:00:17,356 - INFO - Extracting from dynamic site: https://jobs.aireuropa.bizneo.cloud/jobs
2025-08-21 15:00:23,366 - INFO - Detected site type: bizneo
2025-08-21 15:00:23,366 - INFO - Using Bizneo extraction strategy
2025-08-21 15:01:23,389 - INFO - Found 10 potential job elements as fallback
2025-08-21 15:01:24,180 - INFO -   ✅ Found 10 jobs, 1 pilot-related (filtered) in 67.50s
2025-08-21 15:01:25,180 - INFO - [2/6] Fetching from Binter Canarias (dynamic)...
2025-08-21 15:01:25,845 - INFO - Extracting from dynamic site: https://trabajaconnosotros.bintercanarias.com/jobs
2025-08-21 15:01:33,001 - INFO - Detected site type: bizneo
2025-08-21 15:01:33,001 - INFO - Using Bizneo extraction strategy
2025-08-21 15:02:33,032 - INFO - Found 27 potential job elements as fallback
2025-08-21 15:02:35,096 - INFO -   ✅ Found 27 jobs, 1 pilot-related (filtered) in 69.92s
2025-08-21 15:02:36,097 - INFO - [3/6] Fetching from Wizz Air (dynamic)...
2025-08-21 15:02:36,687 - INFO - Extracting from dynamic site: https://careers.wizzair.com/go/Pilot-Jobs/5258601/
2025-08-21 15:02:42,409 - INFO - Detected site type: successfactors
2025-08-21 15:02:42,409 - INFO - Using SuccessFactors extraction strategy
2025-08-21 15:02:57,411 - WARNING - SuccessFactors jobs not found with standard selectors
2025-08-21 15:02:57,411 - INFO - Using generic dynamic extraction strategy
2025-08-21 15:02:57,487 - INFO - Using pattern fallback: 8 elements
2025-08-21 15:02:58,668 - INFO -   ✅ Found 8 jobs, 4 pilot-related (filtered) in 22.57s
2025-08-21 15:02:59,668 - INFO - [4/6] Fetching from Emirates (html)...
2025-08-21 15:03:02,235 - ERROR -   ❌ Error in Emirates: Page not found: 404
2025-08-21 15:03:03,237 - INFO - [5/6] Fetching from Uber (Aviation Division) (greenhouse)...
2025-08-21 15:03:03,435 - ERROR -   ❌ Error in Uber (Aviation Division): 404 Client Error: Not Found for url: https://boards-api.greenhouse.io/v1/boards/uber/jobs
2025-08-21 15:03:04,436 - INFO - [6/6] Fetching from Airbnb (Travel/Aviation) (greenhouse)...
2025-08-21 15:03:04,565 - INFO -   ✅ Found 210 jobs, 1 pilot-related (filtered) in 0.13s
2025-08-21 15:03:05,565 - INFO - 📊 Processing job changes...
2025-08-21 15:03:05,565 - ERROR - 💥 Fatal error in job tracker: 'sqlite3.Connection' object has no attribute 'lastrowid'
2025-08-21 16:31:10,851 - INFO - Extracting from dynamic site: https://careers.wizzair.com/go/Pilot-Jobs/5258601/
2025-08-21 16:31:20,368 - INFO - Detected site type: successfactors
2025-08-21 16:31:20,369 - INFO - Using SuccessFactors extraction strategy
2025-08-21 16:31:35,374 - WARNING - SuccessFactors jobs not found with standard selectors
2025-08-21 16:31:35,374 - INFO - Using generic dynamic extraction strategy
2025-08-21 16:31:35,490 - INFO - Using pattern fallback: 8 elements
2025-08-21 16:31:37,406 - INFO - Extracting from dynamic site: https://jobs.aireuropa.bizneo.cloud/jobs
2025-08-21 16:31:41,733 - INFO - Detected site type: bizneo
2025-08-21 16:31:41,733 - INFO - Using Bizneo extraction strategy
2025-08-21 16:32:41,816 - INFO - Found 10 potential job elements as fallback
2025-08-21 16:32:43,614 - INFO - Extracting from dynamic site: https://trabajaconnosotros.bintercanarias.com/jobs
2025-08-21 16:32:48,574 - INFO - Detected site type: bizneo
2025-08-21 16:32:48,574 - INFO - Using Bizneo extraction strategy
2025-08-21 16:33:48,686 - INFO - Found 27 potential job elements as fallback
2025-08-21 16:33:50,923 - INFO - [1/46] Fetching from Lufthansa Group (html)...
2025-08-21 16:33:52,360 - WARNING -   Connection error on attempt 1: HTTPSConnectionPool(host='careers.lufthansagroup.com', port=443): Max retries exceeded with url: /go/Pilot-Jobs/2519010/ (Caused by NameResolutionError("<urllib3.connection.HTTPSConnection object at 0x0000016205891870>: Failed to resolve 'careers.lufthansagroup.com' ([Errno 11001] getaddrinfo failed)"))
2025-08-21 16:33:52,360 - INFO -   Retrying in 3.8s (attempt 2/3)
2025-08-21 16:33:56,182 - WARNING -   Connection error on attempt 2: HTTPSConnectionPool(host='careers.lufthansagroup.com', port=443): Max retries exceeded with url: /go/Pilot-Jobs/2519010/ (Caused by NameResolutionError("<urllib3.connection.HTTPSConnection object at 0x000001620594E260>: Failed to resolve 'careers.lufthansagroup.com' ([Errno 11001] getaddrinfo failed)"))
2025-08-21 16:33:56,182 - INFO -   Retrying in 4.7s (attempt 3/3)
2025-08-21 16:34:00,912 - WARNING -   Connection error on attempt 3: HTTPSConnectionPool(host='careers.lufthansagroup.com', port=443): Max retries exceeded with url: /go/Pilot-Jobs/2519010/ (Caused by NameResolutionError("<urllib3.connection.HTTPSConnection object at 0x000001620594F190>: Failed to resolve 'careers.lufthansagroup.com' ([Errno 11001] getaddrinfo failed)"))
2025-08-21 16:34:01,944 - INFO - [2/46] Fetching from British Airways (html)...
2025-08-21 16:34:06,174 - INFO - [3/46] Fetching from Air France (html)...
2025-08-21 16:34:08,175 - WARNING -   Access denied (403), trying different approach...
2025-08-21 16:34:08,292 - INFO -   Retrying in 3.7s (attempt 2/3)
2025-08-21 16:34:12,105 - WARNING -   Access denied (403), trying different approach...
2025-08-21 16:34:12,350 - INFO -   Retrying in 5.4s (attempt 3/3)
2025-08-21 16:34:17,873 - WARNING -   Access denied (403), trying different approach...
2025-08-21 16:34:19,021 - INFO - [4/46] Fetching from KLM Royal Dutch Airlines (html)...
2025-08-21 16:34:22,449 - INFO - [5/46] Fetching from Ryanair (html)...
2025-08-21 16:34:25,543 - INFO - [6/46] Fetching from easyJet (html)...
2025-08-21 16:34:29,323 - INFO - [7/46] Fetching from Wizz Air (dynamic)...
2025-08-21 16:34:30,055 - INFO - Extracting from dynamic site: https://careers.wizzair.com/go/Pilot-Jobs/5258601/
2025-08-21 16:34:34,152 - INFO - Detected site type: successfactors
2025-08-21 16:34:34,152 - INFO - Using SuccessFactors extraction strategy
2025-08-21 16:34:49,161 - WARNING - SuccessFactors jobs not found with standard selectors
2025-08-21 16:34:49,161 - INFO - Using generic dynamic extraction strategy
2025-08-21 16:34:49,281 - INFO - Using pattern fallback: 8 elements
2025-08-21 16:34:51,346 - INFO - [8/46] Fetching from Swiss International Air Lines (html)...
2025-08-21 16:34:53,458 - WARNING -   Access denied (403), trying different approach...
2025-08-21 16:34:53,579 - INFO -   Retrying in 2.7s (attempt 2/3)
2025-08-21 16:34:57,807 - INFO - [9/46] Fetching from Austrian Airlines (html)...
2025-08-21 16:35:02,088 - INFO - [10/46] Fetching from SAS Scandinavian Airlines (html)...
2025-08-21 16:35:06,763 - INFO - [11/46] Fetching from Finnair (html)...
2025-08-21 16:35:09,347 - WARNING -   Access denied (403), trying different approach...
2025-08-21 16:35:09,559 - INFO -   Retrying in 3.7s (attempt 2/3)
2025-08-21 16:35:13,402 - WARNING -   Access denied (403), trying different approach...
2025-08-21 16:35:13,514 - INFO -   Retrying in 5.5s (attempt 3/3)
2025-08-21 16:35:20,358 - INFO - [12/46] Fetching from TAP Air Portugal (html)...
2025-08-21 16:35:25,247 - INFO - [13/46] Fetching from Norwegian Air (html)...
2025-08-21 16:35:28,448 - WARNING -   Access denied (403), trying different approach...
2025-08-21 16:35:28,643 - INFO -   Retrying in 3.6s (attempt 2/3)
2025-08-21 16:35:32,369 - WARNING -   Access denied (403), trying different approach...
2025-08-21 16:35:32,529 - INFO -   Retrying in 5.0s (attempt 3/3)
2025-08-21 16:35:37,702 - WARNING -   Access denied (403), trying different approach...
2025-08-21 16:35:38,861 - INFO - [14/46] Fetching from Turkish Airlines (html)...
2025-08-21 16:35:43,507 - INFO - [15/46] Fetching from Pegasus Airlines (html)...
2025-08-21 16:35:46,753 - INFO - [16/46] Fetching from ITA Airways (html)...
2025-08-21 16:35:49,516 - INFO - [17/46] Fetching from Iberia (html)...
2025-08-21 16:35:52,517 - WARNING -   Connection error on attempt 1: HTTPSConnectionPool(host='group.iberia.es', port=443): Max retries exceeded with url: /en/careers/job-vacancies/ (Caused by NameResolutionError("<urllib3.connection.HTTPSConnection object at 0x0000016208488AF0>: Failed to resolve 'group.iberia.es' ([Errno 11001] getaddrinfo failed)"))
2025-08-21 16:35:52,517 - INFO -   Retrying in 3.5s (attempt 2/3)
2025-08-21 16:35:55,990 - WARNING -   Connection error on attempt 2: HTTPSConnectionPool(host='group.iberia.es', port=443): Max retries exceeded with url: /en/careers/job-vacancies/ (Caused by NameResolutionError("<urllib3.connection.HTTPSConnection object at 0x000001620848B880>: Failed to resolve 'group.iberia.es' ([Errno 11001] getaddrinfo failed)"))
2025-08-21 16:35:55,990 - INFO -   Retrying in 6.0s (attempt 3/3)
2025-08-21 16:36:02,025 - WARNING -   Connection error on attempt 3: HTTPSConnectionPool(host='group.iberia.es', port=443): Max retries exceeded with url: /en/careers/job-vacancies/ (Caused by NameResolutionError("<urllib3.connection.HTTPSConnection object at 0x0000016208464130>: Failed to resolve 'group.iberia.es' ([Errno 11001] getaddrinfo failed)"))
2025-08-21 16:36:03,040 - INFO - [18/46] Fetching from Vueling (html)...
2025-08-21 16:36:05,838 - INFO - [19/46] Fetching from Air Europa (dynamic)...
2025-08-21 16:36:06,586 - INFO - Extracting from dynamic site: https://jobs.aireuropa.bizneo.cloud/jobs
2025-08-21 16:36:12,093 - INFO - Detected site type: bizneo
2025-08-21 16:36:12,093 - INFO - Using Bizneo extraction strategy
2025-08-21 16:37:12,206 - INFO - Found 10 potential job elements as fallback
2025-08-21 16:37:14,091 - INFO - [20/46] Fetching from Binter Canarias (dynamic)...
2025-08-21 16:37:15,120 - INFO - Extracting from dynamic site: https://trabajaconnosotros.bintercanarias.com/jobs
2025-08-21 16:37:21,254 - INFO - Detected site type: bizneo
2025-08-21 16:37:21,254 - INFO - Using Bizneo extraction strategy
2025-08-21 16:39:06,135 - INFO - Extracting from dynamic site: https://careers.wizzair.com/go/Pilot-Jobs/5258601/
2025-08-21 16:39:12,011 - INFO - Detected site type: successfactors
2025-08-21 16:39:12,011 - INFO - Using SuccessFactors extraction strategy
2025-08-21 16:39:27,029 - WARNING - SuccessFactors jobs not found with standard selectors
2025-08-21 16:39:27,029 - INFO - Using generic dynamic extraction strategy
2025-08-21 16:39:27,222 - INFO - Using pattern fallback: 8 elements
2025-08-21 16:39:29,177 - INFO - Extracting from dynamic site: https://jobs.aireuropa.bizneo.cloud/jobs
2025-08-21 16:39:34,416 - INFO - Detected site type: bizneo
2025-08-21 16:39:34,416 - INFO - Using Bizneo extraction strategy
2025-08-21 16:40:34,576 - INFO - Found 10 potential job elements as fallback
2025-08-21 16:40:36,286 - INFO - Extracting from dynamic site: https://trabajaconnosotros.bintercanarias.com/jobs
2025-08-21 16:40:40,797 - INFO - Detected site type: bizneo
2025-08-21 16:40:40,798 - INFO - Using Bizneo extraction strategy
2025-08-21 16:41:40,891 - INFO - Found 27 potential job elements as fallback
2025-08-21 16:41:42,771 - INFO - [1/46] Fetching from Lufthansa Group (html)...
2025-08-21 16:41:44,087 - WARNING -   Connection error on attempt 1: HTTPSConnectionPool(host='careers.lufthansagroup.com', port=443): Max retries exceeded with url: /go/Pilot-Jobs/2519010/ (Caused by NameResolutionError("<urllib3.connection.HTTPSConnection object at 0x000001B55EF59750>: Failed to resolve 'careers.lufthansagroup.com' ([Errno 11001] getaddrinfo failed)"))
2025-08-21 16:41:44,087 - INFO -   Retrying in 3.1s (attempt 2/3)
2025-08-21 16:41:47,230 - WARNING -   Connection error on attempt 2: HTTPSConnectionPool(host='careers.lufthansagroup.com', port=443): Max retries exceeded with url: /go/Pilot-Jobs/2519010/ (Caused by NameResolutionError("<urllib3.connection.HTTPSConnection object at 0x000001B55EF5BA30>: Failed to resolve 'careers.lufthansagroup.com' ([Errno 11001] getaddrinfo failed)"))
2025-08-21 16:41:47,230 - INFO -   Retrying in 5.1s (attempt 3/3)
2025-08-21 16:41:52,370 - WARNING -   Connection error on attempt 3: HTTPSConnectionPool(host='careers.lufthansagroup.com', port=443): Max retries exceeded with url: /go/Pilot-Jobs/2519010/ (Caused by NameResolutionError("<urllib3.connection.HTTPSConnection object at 0x000001B5610147F0>: Failed to resolve 'careers.lufthansagroup.com' ([Errno 11001] getaddrinfo failed)"))
2025-08-21 16:41:53,392 - INFO - [2/46] Fetching from British Airways (html)...
2025-08-21 16:41:56,026 - INFO - [3/46] Fetching from Air France (html)...
2025-08-21 16:41:57,967 - WARNING -   Access denied (403), trying different approach...
2025-08-21 16:41:58,178 - INFO -   Retrying in 3.1s (attempt 2/3)
2025-08-21 16:42:01,386 - WARNING -   Access denied (403), trying different approach...
2025-08-21 16:42:01,555 - INFO -   Retrying in 5.4s (attempt 3/3)
2025-08-21 16:42:07,143 - WARNING -   Access denied (403), trying different approach...
2025-08-21 16:42:08,279 - INFO - [4/46] Fetching from KLM Royal Dutch Airlines (html)...
2025-08-21 16:42:54,769 - WARNING -   Timeout on attempt 1
2025-08-21 16:42:54,770 - INFO -   Retrying in 3.4s (attempt 2/3)
2025-08-21 16:42:59,425 - INFO - [5/46] Fetching from Ryanair (html)...
2025-08-21 16:43:02,686 - INFO - [6/46] Fetching from easyJet (html)...
2025-08-21 16:43:07,381 - INFO - [7/46] Fetching from Wizz Air (dynamic)...
2025-08-21 16:43:08,095 - INFO - Extracting from dynamic site: https://careers.wizzair.com/go/Pilot-Jobs/5258601/
2025-08-21 16:43:13,456 - INFO - Detected site type: successfactors
2025-08-21 16:43:13,456 - INFO - Using SuccessFactors extraction strategy
2025-08-21 16:43:28,475 - WARNING - SuccessFactors jobs not found with standard selectors
2025-08-21 16:43:28,475 - INFO - Using generic dynamic extraction strategy
2025-08-21 16:43:28,615 - INFO - Using pattern fallback: 8 elements
2025-08-21 16:43:31,583 - INFO - [8/46] Fetching from Swiss International Air Lines (html)...
2025-08-21 16:43:33,954 - WARNING -   Access denied (403), trying different approach...
2025-08-21 16:43:34,060 - INFO -   Retrying in 3.9s (attempt 2/3)
2025-08-21 16:43:38,167 - WARNING -   Access denied (403), trying different approach...
2025-08-21 16:43:38,281 - INFO -   Retrying in 5.8s (attempt 3/3)
2025-08-21 16:43:44,271 - WARNING -   Access denied (403), trying different approach...
2025-08-21 16:43:45,417 - INFO - [9/46] Fetching from Austrian Airlines (html)...
2025-08-21 16:43:48,901 - INFO - [10/46] Fetching from SAS Scandinavian Airlines (html)...
2025-08-21 16:43:53,313 - INFO - [11/46] Fetching from Finnair (html)...
2025-08-21 16:43:55,288 - WARNING -   Access denied (403), trying different approach...
2025-08-21 16:43:55,470 - INFO -   Retrying in 3.9s (attempt 2/3)
2025-08-21 16:44:00,708 - INFO - [12/46] Fetching from TAP Air Portugal (html)...
2025-08-21 16:44:05,716 - INFO - [13/46] Fetching from Norwegian Air (html)...
2025-08-21 16:44:08,503 - WARNING -   Access denied (403), trying different approach...
2025-08-21 16:44:08,728 - INFO -   Retrying in 3.1s (attempt 2/3)
2025-08-21 16:44:12,016 - WARNING -   Access denied (403), trying different approach...
2025-08-21 16:44:12,159 - INFO -   Retrying in 5.0s (attempt 3/3)
2025-08-21 16:44:17,337 - WARNING -   Access denied (403), trying different approach...
2025-08-21 16:44:18,499 - INFO - [14/46] Fetching from Turkish Airlines (html)...
2025-08-21 16:44:22,662 - INFO - [15/46] Fetching from Pegasus Airlines (html)...
2025-08-21 16:44:26,899 - INFO - [16/46] Fetching from ITA Airways (html)...
2025-08-21 16:44:29,975 - INFO - [17/46] Fetching from Iberia (html)...
2025-08-21 16:44:31,427 - WARNING -   Connection error on attempt 1: HTTPSConnectionPool(host='group.iberia.es', port=443): Max retries exceeded with url: /en/careers/job-vacancies/ (Caused by NameResolutionError("<urllib3.connection.HTTPSConnection object at 0x000001B561743250>: Failed to resolve 'group.iberia.es' ([Errno 11001] getaddrinfo failed)"))
2025-08-21 16:44:31,427 - INFO -   Retrying in 3.8s (attempt 2/3)
2025-08-21 16:44:35,235 - WARNING -   Connection error on attempt 2: HTTPSConnectionPool(host='group.iberia.es', port=443): Max retries exceeded with url: /en/careers/job-vacancies/ (Caused by NameResolutionError("<urllib3.connection.HTTPSConnection object at 0x000001B561A5DA80>: Failed to resolve 'group.iberia.es' ([Errno 11001] getaddrinfo failed)"))
2025-08-21 16:44:35,236 - INFO -   Retrying in 5.3s (attempt 3/3)
2025-08-21 16:44:40,565 - WARNING -   Connection error on attempt 3: HTTPSConnectionPool(host='group.iberia.es', port=443): Max retries exceeded with url: /en/careers/job-vacancies/ (Caused by NameResolutionError("<urllib3.connection.HTTPSConnection object at 0x000001B561A5D480>: Failed to resolve 'group.iberia.es' ([Errno 11001] getaddrinfo failed)"))
2025-08-21 16:44:41,589 - INFO - [18/46] Fetching from Vueling (html)...
2025-08-21 16:44:44,334 - INFO - [19/46] Fetching from Air Europa (dynamic)...
2025-08-21 16:44:45,683 - INFO - Extracting from dynamic site: https://jobs.aireuropa.bizneo.cloud/jobs
2025-08-21 16:44:51,119 - INFO - Detected site type: bizneo
2025-08-21 16:44:51,119 - INFO - Using Bizneo extraction strategy
2025-08-21 16:45:51,277 - INFO - Found 10 potential job elements as fallback
2025-08-21 16:45:53,715 - INFO - [20/46] Fetching from Binter Canarias (dynamic)...
2025-08-21 16:45:54,494 - INFO - Extracting from dynamic site: https://trabajaconnosotros.bintercanarias.com/jobs
2025-08-21 16:45:59,787 - INFO - Detected site type: bizneo
2025-08-21 16:45:59,787 - INFO - Using Bizneo extraction strategy
2025-08-21 16:46:59,921 - INFO - Found 27 potential job elements as fallback
2025-08-21 16:47:03,362 - INFO - [21/46] Fetching from Delta Air Lines (html)...
2025-08-21 16:47:05,879 - WARNING -   Connection error on attempt 1: HTTPSConnectionPool(host='careers.delta.com', port=443): Max retries exceeded with url: /search/?q=pilot&searchtype=1 (Caused by NameResolutionError("<urllib3.connection.HTTPSConnection object at 0x000001B561740DF0>: Failed to resolve 'careers.delta.com' ([Errno 11001] getaddrinfo failed)"))
2025-08-21 16:47:05,879 - INFO -   Retrying in 3.2s (attempt 2/3)
2025-08-21 16:47:09,151 - WARNING -   Connection error on attempt 2: HTTPSConnectionPool(host='careers.delta.com', port=443): Max retries exceeded with url: /search/?q=pilot&searchtype=1 (Caused by NameResolutionError("<urllib3.connection.HTTPSConnection object at 0x000001B5616CB580>: Failed to resolve 'careers.delta.com' ([Errno 11001] getaddrinfo failed)"))
2025-08-21 16:47:09,152 - INFO -   Retrying in 4.6s (attempt 3/3)
2025-08-21 16:47:13,805 - WARNING -   Connection error on attempt 3: HTTPSConnectionPool(host='careers.delta.com', port=443): Max retries exceeded with url: /search/?q=pilot&searchtype=1 (Caused by NameResolutionError("<urllib3.connection.HTTPSConnection object at 0x000001B561743D90>: Failed to resolve 'careers.delta.com' ([Errno 11001] getaddrinfo failed)"))
2025-08-21 16:47:14,829 - INFO - [22/46] Fetching from American Airlines (html)...
2025-08-21 16:47:21,493 - INFO - [23/46] Fetching from United Airlines (html)...
2025-08-21 16:47:26,863 - INFO - [24/46] Fetching from Southwest Airlines (html)...
2025-08-21 16:47:31,391 - INFO - [25/46] Fetching from JetBlue Airways (html)...
2025-08-21 16:47:35,341 - INFO - [26/46] Fetching from Alaska Airlines (html)...
2025-08-21 16:47:40,322 - INFO - [27/46] Fetching from Emirates (html)...
2025-08-21 16:47:44,002 - INFO - [28/46] Fetching from Qatar Airways (html)...
2025-08-21 16:47:47,916 - INFO - [29/46] Fetching from Etihad Airways (html)...
2025-08-21 16:47:53,513 - INFO - [30/46] Fetching from Singapore Airlines (html)...
2025-08-21 16:47:57,092 - INFO - [31/46] Fetching from Cathay Pacific (html)...
2025-08-21 16:48:01,086 - INFO - [32/46] Fetching from ANA (All Nippon Airways) (html)...
2025-08-21 16:48:04,697 - INFO - [33/46] Fetching from Japan Airlines (JAL) (html)...
2025-08-21 16:48:52,132 - WARNING -   Timeout on attempt 1
2025-08-21 16:48:52,132 - INFO -   Retrying in 3.3s (attempt 2/3)
2025-08-21 16:48:57,864 - INFO - [34/46] Fetching from Qantas (html)...
2025-08-21 16:49:45,888 - WARNING -   Timeout on attempt 1
2025-08-21 16:49:45,890 - INFO -   Retrying in 3.8s (attempt 2/3)
2025-08-21 16:49:51,493 - INFO - [35/46] Fetching from Virgin Australia (html)...
2025-08-21 16:49:55,764 - INFO - [36/46] Fetching from Air Canada (html)...
2025-08-21 16:49:59,514 - INFO - [37/46] Fetching from WestJet (html)...
2025-08-21 16:50:01,297 - WARNING -   Connection error on attempt 1: HTTPSConnectionPool(host='careers.westjet.com', port=443): Max retries exceeded with url: /search/?q=pilot (Caused by NameResolutionError("<urllib3.connection.HTTPSConnection object at 0x000001B56163E650>: Failed to resolve 'careers.westjet.com' ([Errno 11001] getaddrinfo failed)"))
2025-08-21 16:50:01,298 - INFO -   Retrying in 3.9s (attempt 2/3)
2025-08-21 16:50:05,222 - WARNING -   Connection error on attempt 2: HTTPSConnectionPool(host='careers.westjet.com', port=443): Max retries exceeded with url: /search/?q=pilot (Caused by NameResolutionError("<urllib3.connection.HTTPSConnection object at 0x000001B56163E380>: Failed to resolve 'careers.westjet.com' ([Errno 11001] getaddrinfo failed)"))
2025-08-21 16:50:05,222 - INFO -   Retrying in 5.5s (attempt 3/3)
2025-08-21 16:50:10,792 - WARNING -   Connection error on attempt 3: HTTPSConnectionPool(host='careers.westjet.com', port=443): Max retries exceeded with url: /search/?q=pilot (Caused by NameResolutionError("<urllib3.connection.HTTPSConnection object at 0x000001B56163D7E0>: Failed to resolve 'careers.westjet.com' ([Errno 11001] getaddrinfo failed)"))
2025-08-21 16:50:11,812 - INFO - [38/46] Fetching from FedEx Express (html)...
